<?xml version='1.0' encoding='UTF-8'?>
<testsuite hostname="Jennifers-MacBook-Pro.local" name="tutorial.webapp.TutorialTest" tests="2" errors="0" failures="0" skipped="0" time="0.007" timestamp="2020-06-03T11:09:48">
                     <properties>
[...]
</properties>
                     <testcase classname="tutorial.webapp.TutorialTest" name="HelloWorld" time="0.002">
                                                 
                                               </testcase><testcase classname="tutorial.webapp.TutorialTest" name="ButtonClick" time="0.005">
                                                 
                                               </testcase>
                     <system-out><![CDATA[]]></system-out>
                     <system-err><![CDATA[]]></system-err>
                   </testsuite>